#
# A fatal error has been detected by the Java Runtime Environment:
#
#  SIGSEGV (0xb) at pc=0x000000010e5e25fa, pid=46132, tid=7427
#
# JRE version: Java(TM) SE Runtime Environment (9.0+11) (build 9.0.4+11)
# Java VM: Java HotSpot(TM) 64-Bit Server VM (9.0.4+11, mixed mode, tiered, compressed oops, g1 gc, bsd-amd64)
# Problematic frame:
# V  [libjvm.dylib+0x3e25fa]
#
# No core dump will be written. Core dumps have been disabled. To enable core dumping, try "ulimit -c unlimited" before starting Java again
#
# If you would like to submit a bug report, please visit:
#   http://bugreport.java.com/bugreport/crash.jsp
#

---------------  S U M M A R Y ------------

Command Line: -Dfile.encoding=UTF-8 org.apache.catalina.startup.Tomcat$1

Host: MacBookPro12,1 x86_64 2700 MHz, 4 cores, 8G, Darwin 16.7.0
Time: Tue Jun 12 21:54:00 2018 KST elapsed time: 0 seconds (0d 0h 0m 0s)

---------------  T H R E A D  ---------------

Current thread (0x00007ff735001000):  JavaThread "main" [_thread_in_vm, id=7427, stack(0x0000700004976000,0x0000700004a76000)]

Stack: [0x0000700004976000,0x0000700004a76000],  sp=0x0000700004a75d30,  free space=1023k
Native frames: (J=compiled Java code, A=aot compiled Java code, j=interpreted, Vv=VM code, C=native code)
V  [libjvm.dylib+0x3e25fa]
C  [java+0x7613]  PostJVMInit+0xb0
C  [java+0x4d58]  JavaMain+0xaeb
C  [libsystem_pthread.dylib+0x393b]  _pthread_body+0xb4
C  [libsystem_pthread.dylib+0x3887]  _pthread_body+0x0
C  [libsystem_pthread.dylib+0x308d]  thread_start+0xd
C  0x0000000000000000


siginfo: si_signo: 11 (SIGSEGV), si_code: 1 (SEGV_MAPERR), si_addr: 0x0000000000000000

Register to memory mapping:

RAX=0x000000010eb46900: _ZN22ResourceContextFactory6_mutexE+0 in /Library/Java/JavaVirtualMachines/jdk-9.0.4.jdk/Contents/Home/lib/server/libjvm.dylib at 0x000000010e200000
RBX=0x00007ff735001000 is a thread
RCX=0x000000010eb44ea0: _ZN2os16_processor_countE+0 in /Library/Java/JavaVirtualMachines/jdk-9.0.4.jdk/Contents/Home/lib/server/libjvm.dylib at 0x000000010e200000
RDX=0x0000000000000000 is an unknown value
RSP=0x0000700004a75d30 is pointing into the stack for thread: 0x00007ff735001000
RBP=0x0000700004a75dc0 is pointing into the stack for thread: 0x00007ff735001000
RSI=0x0000000000000000 is an unknown value
RDI=0x00007ff735001218 is an unknown value
R8 =0x00007ff733440370 is an unknown value
R9 =0x0000000000000000 is an unknown value
R10=0x000000010eb4c150: _ZN19TemplateInterpreter13_active_tableE+0x4000 in /Library/Java/JavaVirtualMachines/jdk-9.0.4.jdk/Contents/Home/lib/server/libjvm.dylib at 0x000000010e200000
R11=0x0000000000000000 is an unknown value
R12=0x00007ff735001218 is an unknown value
R13=0x9318ae2e897e0052 is an unknown value
R14=0x0000000000000000 is an unknown value
R15=0x0000000000000000 is an unknown value


Registers:
RAX=0x000000010eb46900, RBX=0x00007ff735001000, RCX=0x000000010eb44ea0, RDX=0x0000000000000000
RSP=0x0000700004a75d30, RBP=0x0000700004a75dc0, RSI=0x0000000000000000, RDI=0x00007ff735001218
R8 =0x00007ff733440370, R9 =0x0000000000000000, R10=0x000000010eb4c150, R11=0x0000000000000000
R12=0x00007ff735001218, R13=0x9318ae2e897e0052, R14=0x0000000000000000, R15=0x0000000000000000
RIP=0x000000010e5e25fa, EFLAGS=0x0000000000010246, ERR=0x0000000000000004
  TRAPNO=0x000000000000000e

Top of Stack: (sp=0x0000700004a75d30)
0x0000700004a75d30:   000070000000000c 0000000000000000
0x0000700004a75d40:   00007ff735001000 0000000000000000
0x0000700004a75d50:   0000700004a75dc0 000000010e5d643a
0x0000700004a75d60:   0000700004a75d70 00007ff735001000
0x0000700004a75d70:   0000000000000000 000000010e9159ed
0x0000700004a75d80:   0000000000000000 00007ff735001000
0x0000700004a75d90:   00007ff735001000 00007ff735001218
0x0000700004a75da0:   00007ff733701148 9318ae2e897e0052
0x0000700004a75db0:   0000000000000000 00007ff733701150
0x0000700004a75dc0:   0000700004a75e50 000000010d7e9613
0x0000700004a75dd0:   0000700004a75e10 000000010e5d4ce1
0x0000700004a75de0:   0000700004a75df0 000000010e915a59
0x0000700004a75df0:   0000700004a75e10 000000010e9159ed
0x0000700004a75e00:   0000000000000000 00007ff735001218
0x0000700004a75e10:   0000700004a75e50 000000010e5d4ce1
0x0000700004a75e20:   9318ae2e897e0052 00007ff735001218
0x0000700004a75e30:   00007ff733701148 0000000000000000
0x0000700004a75e40:   00007ff733701160 00007ff733701150
0x0000700004a75e50:   0000700004a75ef0 000000010d7e6d58
0x0000700004a75e60:   0000000000000000 0000000000000000
0x0000700004a75e70:   0000000000000000 0000000000000000
0x0000700004a75e80:   00007ff733600178 0000000000000000
0x0000700004a75e90:   0000000000000001 00007ff7336000d0
0x0000700004a75ea0:   00007ff735001218 000000010eaf90c8
0x0000700004a75eb0:   0000000400010002 00007ff733410220
0x0000700004a75ec0:   0000000000000000 0000700004a76000
0x0000700004a75ed0:   000000010d7e626d 0000000000001d03
0x0000700004a75ee0:   00000000180008ff 00007000047e8ce0
0x0000700004a75ef0:   0000700004a75f10 00007fffd6cb093b
0x0000700004a75f00:   0000000000001d00 0000700004a76000
0x0000700004a75f10:   0000700004a75f50 00007fffd6cb0887
0x0000700004a75f20:   0000000000000000 0000000000000000 

Instructions: (pc=0x000000010e5e25fa)
0x000000010e5e25da:   89 e7 4c 89 fe 4c 89 f2 90 0f 1f 40 00 41 f6 c7
0x000000010e5e25ea:   01 74 0d 4c 89 ff e8 47 b6 02 00 49 89 c7 eb 03
0x000000010e5e25fa:   4d 8b 3f 4c 89 b5 78 ff ff ff 48 8d 05 cd e3 54
0x000000010e5e260a:   00 48 8d 0d 06 df 54 00 80 39 00 48 63 00 74 1e 


---------------  P R O C E S S  ---------------

Java Threads: ( => current thread )
  0x00007ff735034800 JavaThread "Service Thread" daemon [_thread_blocked, id=25091, stack(0x0000700005f38000,0x0000700006038000)]
  0x00007ff73503a800 JavaThread "Common-Cleaner" daemon [_thread_blocked, id=24579, stack(0x0000700005e35000,0x0000700005f35000)]
  0x00007ff733869800 JavaThread "Sweeper thread" daemon [_thread_blocked, id=24067, stack(0x0000700005d32000,0x0000700005e32000)]
  0x00007ff733868800 JavaThread "C1 CompilerThread2" daemon [_thread_blocked, id=23555, stack(0x0000700005c2f000,0x0000700005d2f000)]
  0x00007ff734067000 JavaThread "C2 CompilerThread1" daemon [_thread_blocked, id=23043, stack(0x0000700005b2c000,0x0000700005c2c000)]
  0x00007ff73385d800 JavaThread "C2 CompilerThread0" daemon [_thread_blocked, id=22531, stack(0x0000700005a29000,0x0000700005b29000)]
  0x00007ff734817800 JavaThread "Signal Dispatcher" daemon [_thread_blocked, id=22019, stack(0x0000700005926000,0x0000700005a26000)]
  0x00007ff735033800 JavaThread "Finalizer" daemon [_thread_blocked, id=17667, stack(0x00007000057a0000,0x00007000058a0000)]
  0x00007ff73403e800 JavaThread "Reference Handler" daemon [_thread_blocked, id=17155, stack(0x000070000569d000,0x000070000579d000)]
=>0x00007ff735001000 JavaThread "main" [_thread_in_vm, id=7427, stack(0x0000700004976000,0x0000700004a76000)]

Other Threads:
  0x00007ff734828800 VMThread "VM Thread" [stack: 0x000070000559a000,0x000070000569a000] [id=16643]
  0x00007ff734070000 WatcherThread [stack: 0x000070000603b000,0x000070000613b000] [id=25603]
  0x00007ff73500f800 GCTaskThread "GC Thread#0" [stack: 0x0000700004a79000,0x0000700004b79000] [id=10499]
  0x00007ff735010000 GCTaskThread "GC Thread#1" [stack: 0x0000700004b7c000,0x0000700004c7c000] [id=11011]
  0x00007ff735010800 GCTaskThread "GC Thread#2" [stack: 0x0000700004c7f000,0x0000700004d7f000] [id=11523]
  0x00007ff735011000 GCTaskThread "GC Thread#3" [stack: 0x0000700004d82000,0x0000700004e82000] [id=12035]
  0x00007ff73380a800 ConcurrentGCThread "G1 Main Marker" [stack: 0x0000700005394000,0x0000700005494000] [id=15107]
  0x00007ff733816800 ConcurrentGCThread "G1 Marker#0" [stack: 0x0000700005497000,0x0000700005597000] [id=16131]
  0x00007ff735014000 ConcurrentGCThread "G1 Refine#0" [stack: 0x000070000518e000,0x000070000528e000] [id=14083]
  0x00007ff735013800 ConcurrentGCThread "G1 Refine#1" [stack: 0x000070000508b000,0x000070000518b000] [id=13571]
  0x00007ff735012800 ConcurrentGCThread "G1 Refine#2" [stack: 0x0000700004f88000,0x0000700005088000] [id=13059]
  0x00007ff735012000 ConcurrentGCThread "G1 Refine#3" [stack: 0x0000700004e85000,0x0000700004f85000] [id=12547]
  0x00007ff735015000 ConcurrentGCThread "G1 Young RemSet Sampling" [stack: 0x0000700005291000,0x0000700005391000] [id=14595]

Threads with active compile tasks:

VM state:not at safepoint (normal execution)

VM Mutex/Monitor currently owned by a thread: None

Heap address: 0x0000000740000000, size: 2048 MB, Compressed Oops mode: Zero based, Oop shift amount: 3
Narrow klass base: 0x0000000000000000, Narrow klass shift: 3
Compressed class space size: 1073741824 Address: 0x00000007c0000000

Heap:
 garbage-first heap   total 131072K, used 3072K [0x0000000740000000, 0x0000000740100400, 0x00000007c0000000)
  region size 1024K, 4 young (4096K), 0 survivors (0K)
 Metaspace       used 6226K, capacity 6374K, committed 6528K, reserved 1056768K
  class space    used 527K, capacity 570K, committed 640K, reserved 1048576K
Heap Regions: E=young(eden), S=young(survivor), O=old, HS=humongous(starts), HC=humongous(continues), CS=collection set, F=free, A=archive, TS=gc time stamp, AC=allocation context, TAMS=top-at-mark-start (previous, next)
|   0|0x0000000740000000, 0x0000000740000000, 0x0000000740100000|  0%| F|  |TS  0|AC  0|TAMS 0x0000000740000000, 0x0000000740000000|
|   1|0x0000000740100000, 0x0000000740100000, 0x0000000740200000|  0%| F|  |TS  0|AC  0|TAMS 0x0000000740100000, 0x0000000740100000|
|   2|0x0000000740200000, 0x0000000740200000, 0x0000000740300000|  0%| F|  |TS  0|AC  0|TAMS 0x0000000740200000, 0x0000000740200000|
|   3|0x0000000740300000, 0x0000000740300000, 0x0000000740400000|  0%| F|  |TS  0|AC  0|TAMS 0x0000000740300000, 0x0000000740300000|
|   4|0x0000000740400000, 0x0000000740400000, 0x0000000740500000|  0%| F|  |TS  0|AC  0|TAMS 0x0000000740400000, 0x0000000740400000|
|   5|0x0000000740500000, 0x0000000740500000, 0x0000000740600000|  0%| F|  |TS  0|AC  0|TAMS 0x0000000740500000, 0x0000000740500000|
|   6|0x0000000740600000, 0x0000000740600000, 0x0000000740700000|  0%| F|  |TS  0|AC  0|TAMS 0x0000000740600000, 0x0000000740600000|
|   7|0x0000000740700000, 0x0000000740700000, 0x0000000740800000|  0%| F|  |TS  0|AC  0|TAMS 0x0000000740700000, 0x0000000740700000|
|   8|0x0000000740800000, 0x0000000740800000, 0x0000000740900000|  0%| F|  |TS  0|AC  0|TAMS 0x0000000740800000, 0x0000000740800000|
|   9|0x0000000740900000, 0x0000000740900000, 0x0000000740a00000|  0%| F|  |TS  0|AC  0|TAMS 0x0000000740900000, 0x0000000740900000|
|  10|0x0000000740a00000, 0x0000000740a00000, 0x0000000740b00000|  0%| F|  |TS  0|AC  0|TAMS 0x0000000740a00000, 0x0000000740a00000|
|  11|0x0000000740b00000, 0x0000000740b00000, 0x0000000740c00000|  0%| F|  |TS  0|AC  0|TAMS 0x0000000740b00000, 0x0000000740b00000|
|  12|0x0000000740c00000, 0x0000000740c00000, 0x0000000740d00000|  0%| F|  |TS  0|AC  0|TAMS 0x0000000740c00000, 0x0000000740c00000|
|  13|0x0000000740d00000, 0x0000000740d00000, 0x0000000740e00000|  0%| F|  |TS  0|AC  0|TAMS 0x0000000740d00000, 0x0000000740d00000|
|  14|0x0000000740e00000, 0x0000000740e00000, 0x0000000740f00000|  0%| F|  |TS  0|AC  0|TAMS 0x0000000740e00000, 0x0000000740e00000|
|  15|0x0000000740f00000, 0x0000000740f00000, 0x0000000741000000|  0%| F|  |TS  0|AC  0|TAMS 0x0000000740f00000, 0x0000000740f00000|
|  16|0x0000000741000000, 0x0000000741000000, 0x0000000741100000|  0%| F|  |TS  0|AC  0|TAMS 0x0000000741000000, 0x0000000741000000|
|  17|0x0000000741100000, 0x0000000741100000, 0x0000000741200000|  0%| F|  |TS  0|AC  0|TAMS 0x0000000741100000, 0x0000000741100000|
|  18|0x0000000741200000, 0x0000000741200000, 0x0000000741300000|  0%| F|  |TS  0|AC  0|TAMS 0x0000000741200000, 0x0000000741200000|
|  19|0x0000000741300000, 0x0000000741300000, 0x0000000741400000|  0%| F|  |TS  0|AC  0|TAMS 0x0000000741300000, 0x0000000741300000|
|  20|0x0000000741400000, 0x0000000741400000, 0x0000000741500000|  0%| F|  |TS  0|AC  0|TAMS 0x0000000741400000, 0x0000000741400000|
|  21|0x0000000741500000, 0x0000000741500000, 0x0000000741600000|  0%| F|  |TS  0|AC  0|TAMS 0x0000000741500000, 0x0000000741500000|
|  22|0x0000000741600000, 0x0000000741600000, 0x0000000741700000|  0%| F|  |TS  0|AC  0|TAMS 0x0000000741600000, 0x0000000741600000|
|  23|0x0000000741700000, 0x0000000741700000, 0x0000000741800000|  0%| F|  |TS  0|AC  0|TAMS 0x0000000741700000, 0x0000000741700000|
|  24|0x0000000741800000, 0x0000000741800000, 0x0000000741900000|  0%| F|  |TS  0|AC  0|TAMS 0x0000000741800000, 0x0000000741800000|
|  25|0x0000000741900000, 0x0000000741900000, 0x0000000741a00000|  0%| F|  |TS  0|AC  0|TAMS 0x0000000741900000, 0x0000000741900000|
|  26|0x0000000741a00000, 0x0000000741a00000, 0x0000000741b00000|  0%| F|  |TS  0|AC  0|TAMS 0x0000000741a00000, 0x0000000741a00000|
|  27|0x0000000741b00000, 0x0000000741b00000, 0x0000000741c00000|  0%| F|  |TS  0|AC  0|TAMS 0x0000000741b00000, 0x0000000741b00000|
|  28|0x0000000741c00000, 0x0000000741c00000, 0x0000000741d00000|  0%| F|  |TS  0|AC  0|TAMS 0x0000000741c00000, 0x0000000741c00000|
|  29|0x0000000741d00000, 0x0000000741d00000, 0x0000000741e00000|  0%| F|  |TS  0|AC  0|TAMS 0x0000000741d00000, 0x0000000741d00000|
|  30|0x0000000741e00000, 0x0000000741e00000, 0x0000000741f00000|  0%| F|  |TS  0|AC  0|TAMS 0x0000000741e00000, 0x0000000741e00000|
|  31|0x0000000741f00000, 0x0000000741f00000, 0x0000000742000000|  0%| F|  |TS  0|AC  0|TAMS 0x0000000741f00000, 0x0000000741f00000|
|  32|0x0000000742000000, 0x0000000742000000, 0x0000000742100000|  0%| F|  |TS  0|AC  0|TAMS 0x0000000742000000, 0x0000000742000000|
|  33|0x0000000742100000, 0x0000000742100000, 0x0000000742200000|  0%| F|  |TS  0|AC  0|TAMS 0x0000000742100000, 0x0000000742100000|
|  34|0x0000000742200000, 0x0000000742200000, 0x0000000742300000|  0%| F|  |TS  0|AC  0|TAMS 0x0000000742200000, 0x0000000742200000|
|  35|0x0000000742300000, 0x0000000742300000, 0x0000000742400000|  0%| F|  |TS  0|AC  0|TAMS 0x0000000742300000, 0x0000000742300000|
|  36|0x0000000742400000, 0x0000000742400000, 0x0000000742500000|  0%| F|  |TS  0|AC  0|TAMS 0x0000000742400000, 0x0000000742400000|
|  37|0x0000000742500000, 0x0000000742500000, 0x0000000742600000|  0%| F|  |TS  0|AC  0|TAMS 0x0000000742500000, 0x0000000742500000|
|  38|0x0000000742600000, 0x0000000742600000, 0x0000000742700000|  0%| F|  |TS  0|AC  0|TAMS 0x0000000742600000, 0x0000000742600000|
|  39|0x0000000742700000, 0x0000000742700000, 0x0000000742800000|  0%| F|  |TS  0|AC  0|TAMS 0x0000000742700000, 0x0000000742700000|
|  40|0x0000000742800000, 0x0000000742800000, 0x0000000742900000|  0%| F|  |TS  0|AC  0|TAMS 0x0000000742800000, 0x0000000742800000|
|  41|0x0000000742900000, 0x0000000742900000, 0x0000000742a00000|  0%| F|  |TS  0|AC  0|TAMS 0x0000000742900000, 0x0000000742900000|
|  42|0x0000000742a00000, 0x0000000742a00000, 0x0000000742b00000|  0%| F|  |TS  0|AC  0|TAMS 0x0000000742a00000, 0x0000000742a00000|
|  43|0x0000000742b00000, 0x0000000742b00000, 0x0000000742c00000|  0%| F|  |TS  0|AC  0|TAMS 0x0000000742b00000, 0x0000000742b00000|
|  44|0x0000000742c00000, 0x0000000742c00000, 0x0000000742d00000|  0%| F|  |TS  0|AC  0|TAMS 0x0000000742c00000, 0x0000000742c00000|
|  45|0x0000000742d00000, 0x0000000742d00000, 0x0000000742e00000|  0%| F|  |TS  0|AC  0|TAMS 0x0000000742d00000, 0x0000000742d00000|
|  46|0x0000000742e00000, 0x0000000742e00000, 0x0000000742f00000|  0%| F|  |TS  0|AC  0|TAMS 0x0000000742e00000, 0x0000000742e00000|
|  47|0x0000000742f00000, 0x0000000742f00000, 0x0000000743000000|  0%| F|  |TS  0|AC  0|TAMS 0x0000000742f00000, 0x0000000742f00000|
|  48|0x0000000743000000, 0x0000000743000000, 0x0000000743100000|  0%| F|  |TS  0|AC  0|TAMS 0x0000000743000000, 0x0000000743000000|
|  49|0x0000000743100000, 0x0000000743100000, 0x0000000743200000|  0%| F|  |TS  0|AC  0|TAMS 0x0000000743100000, 0x0000000743100000|
|  50|0x0000000743200000, 0x0000000743200000, 0x0000000743300000|  0%| F|  |TS  0|AC  0|TAMS 0x0000000743200000, 0x0000000743200000|
|  51|0x0000000743300000, 0x0000000743300000, 0x0000000743400000|  0%| F|  |TS  0|AC  0|TAMS 0x0000000743300000, 0x0000000743300000|
|  52|0x0000000743400000, 0x0000000743400000, 0x0000000743500000|  0%| F|  |TS  0|AC  0|TAMS 0x0000000743400000, 0x0000000743400000|
|  53|0x0000000743500000, 0x0000000743500000, 0x0000000743600000|  0%| F|  |TS  0|AC  0|TAMS 0x0000000743500000, 0x0000000743500000|
|  54|0x0000000743600000, 0x0000000743600000, 0x0000000743700000|  0%| F|  |TS  0|AC  0|TAMS 0x0000000743600000, 0x0000000743600000|
|  55|0x0000000743700000, 0x0000000743700000, 0x0000000743800000|  0%| F|  |TS  0|AC  0|TAMS 0x0000000743700000, 0x0000000743700000|
|  56|0x0000000743800000, 0x0000000743800000, 0x0000000743900000|  0%| F|  |TS  0|AC  0|TAMS 0x0000000743800000, 0x0000000743800000|
|  57|0x0000000743900000, 0x0000000743900000, 0x0000000743a00000|  0%| F|  |TS  0|AC  0|TAMS 0x0000000743900000, 0x0000000743900000|
|  58|0x0000000743a00000, 0x0000000743a00000, 0x0000000743b00000|  0%| F|  |TS  0|AC  0|TAMS 0x0000000743a00000, 0x0000000743a00000|
|  59|0x0000000743b00000, 0x0000000743b00000, 0x0000000743c00000|  0%| F|  |TS  0|AC  0|TAMS 0x0000000743b00000, 0x0000000743b00000|
|  60|0x0000000743c00000, 0x0000000743c00000, 0x0000000743d00000|  0%| F|  |TS  0|AC  0|TAMS 0x0000000743c00000, 0x0000000743c00000|
|  61|0x0000000743d00000, 0x0000000743d00000, 0x0000000743e00000|  0%| F|  |TS  0|AC  0|TAMS 0x0000000743d00000, 0x0000000743d00000|
|  62|0x0000000743e00000, 0x0000000743e00000, 0x0000000743f00000|  0%| F|  |TS  0|AC  0|TAMS 0x0000000743e00000, 0x0000000743e00000|
|  63|0x0000000743f00000, 0x0000000743f00000, 0x0000000744000000|  0%| F|  |TS  0|AC  0|TAMS 0x0000000743f00000, 0x0000000743f00000|
|  64|0x0000000744000000, 0x0000000744000000, 0x0000000744100000|  0%| F|  |TS  0|AC  0|TAMS 0x0000000744000000, 0x0000000744000000|
|  65|0x0000000744100000, 0x0000000744100000, 0x0000000744200000|  0%| F|  |TS  0|AC  0|TAMS 0x0000000744100000, 0x0000000744100000|
|  66|0x0000000744200000, 0x0000000744200000, 0x0000000744300000|  0%| F|  |TS  0|AC  0|TAMS 0x0000000744200000, 0x0000000744200000|
|  67|0x0000000744300000, 0x0000000744300000, 0x0000000744400000|  0%| F|  |TS  0|AC  0|TAMS 0x0000000744300000, 0x0000000744300000|
|  68|0x0000000744400000, 0x0000000744400000, 0x0000000744500000|  0%| F|  |TS  0|AC  0|TAMS 0x0000000744400000, 0x0000000744400000|
|  69|0x0000000744500000, 0x0000000744500000, 0x0000000744600000|  0%| F|  |TS  0|AC  0|TAMS 0x0000000744500000, 0x0000000744500000|
|  70|0x0000000744600000, 0x0000000744600000, 0x0000000744700000|  0%| F|  |TS  0|AC  0|TAMS 0x0000000744600000, 0x0000000744600000|
|  71|0x0000000744700000, 0x0000000744700000, 0x0000000744800000|  0%| F|  |TS  0|AC  0|TAMS 0x0000000744700000, 0x0000000744700000|
|  72|0x0000000744800000, 0x0000000744800000, 0x0000000744900000|  0%| F|  |TS  0|AC  0|TAMS 0x0000000744800000, 0x0000000744800000|
|  73|0x0000000744900000, 0x0000000744900000, 0x0000000744a00000|  0%| F|  |TS  0|AC  0|TAMS 0x0000000744900000, 0x0000000744900000|
|  74|0x0000000744a00000, 0x0000000744a00000, 0x0000000744b00000|  0%| F|  |TS  0|AC  0|TAMS 0x0000000744a00000, 0x0000000744a00000|
|  75|0x0000000744b00000, 0x0000000744b00000, 0x0000000744c00000|  0%| F|  |TS  0|AC  0|TAMS 0x0000000744b00000, 0x0000000744b00000|
|  76|0x0000000744c00000, 0x0000000744c00000, 0x0000000744d00000|  0%| F|  |TS  0|AC  0|TAMS 0x0000000744c00000, 0x0000000744c00000|
|  77|0x0000000744d00000, 0x0000000744d00000, 0x0000000744e00000|  0%| F|  |TS  0|AC  0|TAMS 0x0000000744d00000, 0x0000000744d00000|
|  78|0x0000000744e00000, 0x0000000744e00000, 0x0000000744f00000|  0%| F|  |TS  0|AC  0|TAMS 0x0000000744e00000, 0x0000000744e00000|
|  79|0x0000000744f00000, 0x0000000744f00000, 0x0000000745000000|  0%| F|  |TS  0|AC  0|TAMS 0x0000000744f00000, 0x0000000744f00000|
|  80|0x0000000745000000, 0x0000000745000000, 0x0000000745100000|  0%| F|  |TS  0|AC  0|TAMS 0x0000000745000000, 0x0000000745000000|
|  81|0x0000000745100000, 0x0000000745100000, 0x0000000745200000|  0%| F|  |TS  0|AC  0|TAMS 0x0000000745100000, 0x0000000745100000|
|  82|0x0000000745200000, 0x0000000745200000, 0x0000000745300000|  0%| F|  |TS  0|AC  0|TAMS 0x0000000745200000, 0x0000000745200000|
|  83|0x0000000745300000, 0x0000000745300000, 0x0000000745400000|  0%| F|  |TS  0|AC  0|TAMS 0x0000000745300000, 0x0000000745300000|
|  84|0x0000000745400000, 0x0000000745400000, 0x0000000745500000|  0%| F|  |TS  0|AC  0|TAMS 0x0000000745400000, 0x0000000745400000|
|  85|0x0000000745500000, 0x0000000745500000, 0x0000000745600000|  0%| F|  |TS  0|AC  0|TAMS 0x0000000745500000, 0x0000000745500000|
|  86|0x0000000745600000, 0x0000000745600000, 0x0000000745700000|  0%| F|  |TS  0|AC  0|TAMS 0x0000000745600000, 0x0000000745600000|
|  87|0x0000000745700000, 0x0000000745700000, 0x0000000745800000|  0%| F|  |TS  0|AC  0|TAMS 0x0000000745700000, 0x0000000745700000|
|  88|0x0000000745800000, 0x0000000745800000, 0x0000000745900000|  0%| F|  |TS  0|AC  0|TAMS 0x0000000745800000, 0x0000000745800000|
|  89|0x0000000745900000, 0x0000000745900000, 0x0000000745a00000|  0%| F|  |TS  0|AC  0|TAMS 0x0000000745900000, 0x0000000745900000|
|  90|0x0000000745a00000, 0x0000000745a00000, 0x0000000745b00000|  0%| F|  |TS  0|AC  0|TAMS 0x0000000745a00000, 0x0000000745a00000|
|  91|0x0000000745b00000, 0x0000000745b00000, 0x0000000745c00000|  0%| F|  |TS  0|AC  0|TAMS 0x0000000745b00000, 0x0000000745b00000|
|  92|0x0000000745c00000, 0x0000000745c00000, 0x0000000745d00000|  0%| F|  |TS  0|AC  0|TAMS 0x0000000745c00000, 0x0000000745c00000|
|  93|0x0000000745d00000, 0x0000000745d00000, 0x0000000745e00000|  0%| F|  |TS  0|AC  0|TAMS 0x0000000745d00000, 0x0000000745d00000|
|  94|0x0000000745e00000, 0x0000000745e00000, 0x0000000745f00000|  0%| F|  |TS  0|AC  0|TAMS 0x0000000745e00000, 0x0000000745e00000|
|  95|0x0000000745f00000, 0x0000000745f00000, 0x0000000746000000|  0%| F|  |TS  0|AC  0|TAMS 0x0000000745f00000, 0x0000000745f00000|
|  96|0x0000000746000000, 0x0000000746000000, 0x0000000746100000|  0%| F|  |TS  0|AC  0|TAMS 0x0000000746000000, 0x0000000746000000|
|  97|0x0000000746100000, 0x0000000746100000, 0x0000000746200000|  0%| F|  |TS  0|AC  0|TAMS 0x0000000746100000, 0x0000000746100000|
|  98|0x0000000746200000, 0x0000000746200000, 0x0000000746300000|  0%| F|  |TS  0|AC  0|TAMS 0x0000000746200000, 0x0000000746200000|
|  99|0x0000000746300000, 0x0000000746300000, 0x0000000746400000|  0%| F|  |TS  0|AC  0|TAMS 0x0000000746300000, 0x0000000746300000|
| 100|0x0000000746400000, 0x0000000746400000, 0x0000000746500000|  0%| F|  |TS  0|AC  0|TAMS 0x0000000746400000, 0x0000000746400000|
| 101|0x0000000746500000, 0x0000000746500000, 0x0000000746600000|  0%| F|  |TS  0|AC  0|TAMS 0x0000000746500000, 0x0000000746500000|
| 102|0x0000000746600000, 0x0000000746600000, 0x0000000746700000|  0%| F|  |TS  0|AC  0|TAMS 0x0000000746600000, 0x0000000746600000|
| 103|0x0000000746700000, 0x0000000746700000, 0x0000000746800000|  0%| F|  |TS  0|AC  0|TAMS 0x0000000746700000, 0x0000000746700000|
| 104|0x0000000746800000, 0x0000000746800000, 0x0000000746900000|  0%| F|  |TS  0|AC  0|TAMS 0x0000000746800000, 0x0000000746800000|
| 105|0x0000000746900000, 0x0000000746900000, 0x0000000746a00000|  0%| F|  |TS  0|AC  0|TAMS 0x0000000746900000, 0x0000000746900000|
| 106|0x0000000746a00000, 0x0000000746a00000, 0x0000000746b00000|  0%| F|  |TS  0|AC  0|TAMS 0x0000000746a00000, 0x0000000746a00000|
| 107|0x0000000746b00000, 0x0000000746b00000, 0x0000000746c00000|  0%| F|  |TS  0|AC  0|TAMS 0x0000000746b00000, 0x0000000746b00000|
| 108|0x0000000746c00000, 0x0000000746c00000, 0x0000000746d00000|  0%| F|  |TS  0|AC  0|TAMS 0x0000000746c00000, 0x0000000746c00000|
| 109|0x0000000746d00000, 0x0000000746d00000, 0x0000000746e00000|  0%| F|  |TS  0|AC  0|TAMS 0x0000000746d00000, 0x0000000746d00000|
| 110|0x0000000746e00000, 0x0000000746e00000, 0x0000000746f00000|  0%| F|  |TS  0|AC  0|TAMS 0x0000000746e00000, 0x0000000746e00000|
| 111|0x0000000746f00000, 0x0000000746f00000, 0x0000000747000000|  0%| F|  |TS  0|AC  0|TAMS 0x0000000746f00000, 0x0000000746f00000|
| 112|0x0000000747000000, 0x0000000747000000, 0x0000000747100000|  0%| F|  |TS  0|AC  0|TAMS 0x0000000747000000, 0x0000000747000000|
| 113|0x0000000747100000, 0x0000000747100000, 0x0000000747200000|  0%| F|  |TS  0|AC  0|TAMS 0x0000000747100000, 0x0000000747100000|
| 114|0x0000000747200000, 0x0000000747200000, 0x0000000747300000|  0%| F|  |TS  0|AC  0|TAMS 0x0000000747200000, 0x0000000747200000|
| 115|0x0000000747300000, 0x0000000747300000, 0x0000000747400000|  0%| F|  |TS  0|AC  0|TAMS 0x0000000747300000, 0x0000000747300000|
| 116|0x0000000747400000, 0x0000000747400000, 0x0000000747500000|  0%| F|  |TS  0|AC  0|TAMS 0x0000000747400000, 0x0000000747400000|
| 117|0x0000000747500000, 0x0000000747500000, 0x0000000747600000|  0%| F|  |TS  0|AC  0|TAMS 0x0000000747500000, 0x0000000747500000|
| 118|0x0000000747600000, 0x0000000747600000, 0x0000000747700000|  0%| F|  |TS  0|AC  0|TAMS 0x0000000747600000, 0x0000000747600000|
| 119|0x0000000747700000, 0x0000000747700000, 0x0000000747800000|  0%| F|  |TS  0|AC  0|TAMS 0x0000000747700000, 0x0000000747700000|
| 120|0x0000000747800000, 0x0000000747800000, 0x0000000747900000|  0%| F|  |TS  0|AC  0|TAMS 0x0000000747800000, 0x0000000747800000|
| 121|0x0000000747900000, 0x0000000747900000, 0x0000000747a00000|  0%| F|  |TS  0|AC  0|TAMS 0x0000000747900000, 0x0000000747900000|
| 122|0x0000000747a00000, 0x0000000747a00000, 0x0000000747b00000|  0%| F|  |TS  0|AC  0|TAMS 0x0000000747a00000, 0x0000000747a00000|
| 123|0x0000000747b00000, 0x0000000747b00000, 0x0000000747c00000|  0%| F|  |TS  0|AC  0|TAMS 0x0000000747b00000, 0x0000000747b00000|
| 124|0x0000000747c00000, 0x0000000747c9eb18, 0x0000000747d00000| 61%| E|  |TS  0|AC  0|TAMS 0x0000000747c00000, 0x0000000747c00000|
| 125|0x0000000747d00000, 0x0000000747e00000, 0x0000000747e00000|100%| E|CS|TS  0|AC  0|TAMS 0x0000000747d00000, 0x0000000747d00000|
| 126|0x0000000747e00000, 0x0000000747f00000, 0x0000000747f00000|100%| E|CS|TS  0|AC  0|TAMS 0x0000000747e00000, 0x0000000747e00000|
| 127|0x0000000747f00000, 0x0000000748000000, 0x0000000748000000|100%| E|CS|TS  0|AC  0|TAMS 0x0000000747f00000, 0x0000000747f00000|

Card table byte_map: [0x000000011a2de000,0x000000011a6de000] byte_map_base: 0x00000001168de000

Marking Bits (Prev, Next): (CMBitMap*) 0x00007ff733815c70, (CMBitMap*) 0x00007ff733815ca8
 Prev Bits: [0x0000000129dd1000, 0x000000012bdd1000)
 Next Bits: [0x000000012bdd1000, 0x000000012ddd1000)

Polling page: 0x000000010d8c3000

CodeHeap 'non-profiled nmethods': size=120032Kb used=85Kb max_used=85Kb free=119946Kb
 bounds [0x0000000122899000, 0x0000000122b09000, 0x0000000129dd1000]
CodeHeap 'profiled nmethods': size=120032Kb used=441Kb max_used=441Kb free=119590Kb
 bounds [0x000000011b361000, 0x000000011b5d1000, 0x0000000122899000]
CodeHeap 'non-nmethods': size=5696Kb used=1175Kb max_used=1187Kb free=4520Kb
 bounds [0x000000011add1000, 0x000000011b041000, 0x000000011b361000]
 total_blobs=722 nmethods=310 adapters=234
 compilation: enabled

Compilation events (10 events):
Event: 0.413 Thread 0x00007ff73385d800 nmethod 302% 0x00000001228adc90 code [0x00000001228ade20, 0x00000001228ae078]
Event: 0.414 Thread 0x00007ff733868800 nmethod 306 0x000000011b3c8c90 code [0x000000011b3c9100, 0x000000011b3cbe68]
Event: 0.414 Thread 0x00007ff733868800  307   !   3       java.util.zip.ZipFile::getEntry (66 bytes)
Event: 0.415 Thread 0x00007ff733868800 nmethod 307 0x000000011b3cce10 code [0x000000011b3cd060, 0x000000011b3cd998]
Event: 0.415 Thread 0x00007ff733868800  308   !   3       java.util.jar.JarFile::checkForSpecialAttributes (240 bytes)
Event: 0.415 Thread 0x00007ff733868800 nmethod 308 0x000000011b3cde90 code [0x000000011b3ce0c0, 0x000000011b3ce9d8]
Event: 0.415 Thread 0x00007ff733868800  309   !   3       jdk.internal.loader.URLClassPath$JarLoader::ensureOpen (36 bytes)
Event: 0.416 Thread 0x00007ff733868800 nmethod 309 0x000000011b3ced10 code [0x000000011b3cef00, 0x000000011b3cf398]
Event: 0.416 Thread 0x00007ff733868800  310       1       java.util.zip.ZipFile::access$600 (5 bytes)
Event: 0.416 Thread 0x00007ff733868800 nmethod 310 0x00000001228ae190 code [0x00000001228ae340, 0x00000001228ae430]

GC Heap History (0 events):
No events

Deoptimization events (2 events):
Event: 0.223 Thread 0x00007ff735001000 Uncommon trap: reason=unstable_if action=reinterpret pc=0x000000012289e19c method=java.lang.StringLatin1.indexOf([BII)I @ 23 c2
Event: 0.254 Thread 0x00007ff735001000 Uncommon trap: reason=range_check action=reinterpret pc=0x000000012289ccd0 method=java.lang.StringLatin1.indexOf([BII)I @ 13 c2

Classes redefined (0 events):
No events

Internal exceptions (0 events):
No events

Events (10 events):
Event: 0.412 loading class javax/servlet/ServletResponse
Event: 0.412 loading class javax/servlet/ServletResponse done
Event: 0.413 loading class org/apache/catalina/Wrapper
Event: 0.413 loading class org/apache/catalina/Wrapper done
Event: 0.414 loading class java/lang/PublicMethods$Key
Event: 0.414 loading class java/lang/PublicMethods$Key done
Event: 0.414 loading class org/apache/catalina/startup/Tomcat
Event: 0.414 loading class org/apache/catalina/startup/Tomcat done
Event: 0.416 loading class java/lang/Class$EnclosingMethodInfo
Event: 0.416 loading class java/lang/Class$EnclosingMethodInfo done


Dynamic libraries:
0x00007fffc0cef000 	/System/Library/Frameworks/Cocoa.framework/Versions/A/Cocoa
0x00007fffc7593000 	/System/Library/Frameworks/Security.framework/Versions/A/Security
0x00007fffbfba8000 	/System/Library/Frameworks/ApplicationServices.framework/Versions/A/ApplicationServices
0x00007fffd699b000 	/usr/lib/libz.1.dylib
0x00007fffd54ee000 	/usr/lib/libSystem.B.dylib
0x00007fffc1285000 	/System/Library/Frameworks/CoreFoundation.framework/Versions/A/CoreFoundation
0x00007fffc2cfd000 	/System/Library/Frameworks/Foundation.framework/Versions/C/Foundation
0x00007fffd619c000 	/usr/lib/libobjc.A.dylib
0x00007fffbedbd000 	/System/Library/Frameworks/AppKit.framework/Versions/C/AppKit
0x00007fffc0edb000 	/System/Library/Frameworks/CoreData.framework/Versions/A/CoreData
0x00007fffd1f73000 	/System/Library/PrivateFrameworks/RemoteViewServices.framework/Versions/A/RemoteViewServices
0x00007fffd3f5e000 	/System/Library/PrivateFrameworks/UIFoundation.framework/Versions/A/UIFoundation
0x00007fffcd313000 	/System/Library/PrivateFrameworks/DFRFoundation.framework/Versions/A/DFRFoundation
0x00007fffd5adf000 	/usr/lib/libenergytrace.dylib
0x00007fffd2da0000 	/System/Library/PrivateFrameworks/SkyLight.framework/Versions/A/SkyLight
0x00007fffc171f000 	/System/Library/Frameworks/CoreGraphics.framework/Versions/A/CoreGraphics
0x00007fffd54e9000 	/usr/lib/libScreenReader.dylib
0x00007fffbdddf000 	/System/Library/Frameworks/Accelerate.framework/Versions/A/Accelerate
0x00007fffc32fb000 	/System/Library/Frameworks/IOSurface.framework/Versions/A/IOSurface
0x00007fffc00cb000 	/System/Library/Frameworks/AudioToolbox.framework/Versions/A/AudioToolbox
0x00007fffc02d8000 	/System/Library/Frameworks/AudioUnit.framework/Versions/A/AudioUnit
0x00007fffcd358000 	/System/Library/PrivateFrameworks/DataDetectorsCore.framework/Versions/A/DataDetectorsCore
0x00007fffcd449000 	/System/Library/PrivateFrameworks/DesktopServicesPriv.framework/Versions/A/DesktopServicesPriv
0x00007fffc083c000 	/System/Library/Frameworks/Carbon.framework/Versions/A/Frameworks/HIToolbox.framework/Versions/A/HIToolbox
0x00007fffd5be8000 	/usr/lib/libicucore.A.dylib
0x00007fffc6e2a000 	/System/Library/Frameworks/QuartzCore.framework/Versions/A/QuartzCore
0x00007fffc0c08000 	/System/Library/Frameworks/Carbon.framework/Versions/A/Frameworks/SpeechRecognition.framework/Versions/A/SpeechRecognition
0x00007fffd5607000 	/usr/lib/libauto.dylib
0x00007fffd6881000 	/usr/lib/libxml2.2.dylib
0x00007fffccfcd000 	/System/Library/PrivateFrameworks/CoreUI.framework/Versions/A/CoreUI
0x00007fffc0e39000 	/System/Library/Frameworks/CoreAudio.framework/Versions/A/CoreAudio
0x00007fffc2b66000 	/System/Library/Frameworks/DiskArbitration.framework/Versions/A/DiskArbitration
0x00007fffd5e13000 	/usr/lib/liblangid.dylib
0x00007fffd0e5a000 	/System/Library/PrivateFrameworks/MultitouchSupport.framework/Versions/A/MultitouchSupport
0x00007fffc3264000 	/System/Library/Frameworks/IOKit.framework/Versions/A/IOKit
0x00007fffd52af000 	/usr/lib/libDiagnosticMessagesClient.dylib
0x00007fffc214a000 	/System/Library/Frameworks/CoreServices.framework/Versions/A/CoreServices
0x00007fffd1817000 	/System/Library/PrivateFrameworks/PerformanceAnalysis.framework/Versions/A/PerformanceAnalysis
0x00007fffcf29b000 	/System/Library/PrivateFrameworks/GenerationalStorage.framework/Versions/A/GenerationalStorage
0x00007fffc62ca000 	/System/Library/Frameworks/OpenGL.framework/Versions/A/OpenGL
0x00007fffc1da2000 	/System/Library/Frameworks/CoreImage.framework/Versions/A/CoreImage
0x00007fffc2873000 	/System/Library/Frameworks/CoreText.framework/Versions/A/CoreText
0x00007fffc3354000 	/System/Library/Frameworks/ImageIO.framework/Versions/A/ImageIO
0x00007fffcab8a000 	/System/Library/PrivateFrameworks/Backup.framework/Versions/A/Backup
0x00007fffd555b000 	/usr/lib/libarchive.2.dylib
0x00007fffc0441000 	/System/Library/Frameworks/CFNetwork.framework/Versions/A/CFNetwork
0x00007fffc7cc0000 	/System/Library/Frameworks/SystemConfiguration.framework/Versions/A/SystemConfiguration
0x00007fffd51f6000 	/usr/lib/libCRFSuite.dylib
0x00007fffd5628000 	/usr/lib/libc++.1.dylib
0x00007fffd567f000 	/usr/lib/libc++abi.dylib
0x00007fffd69bb000 	/usr/lib/system/libcache.dylib
0x00007fffd69c0000 	/usr/lib/system/libcommonCrypto.dylib
0x00007fffd69cb000 	/usr/lib/system/libcompiler_rt.dylib
0x00007fffd69d3000 	/usr/lib/system/libcopyfile.dylib
0x00007fffd69dc000 	/usr/lib/system/libcorecrypto.dylib
0x00007fffd6a60000 	/usr/lib/system/libdispatch.dylib
0x00007fffd6a92000 	/usr/lib/system/libdyld.dylib
0x00007fffd6a98000 	/usr/lib/system/libkeymgr.dylib
0x00007fffd6aa6000 	/usr/lib/system/liblaunch.dylib
0x00007fffd6aa7000 	/usr/lib/system/libmacho.dylib
0x00007fffd6aad000 	/usr/lib/system/libquarantine.dylib
0x00007fffd6ab0000 	/usr/lib/system/libremovefile.dylib
0x00007fffd6ab2000 	/usr/lib/system/libsystem_asl.dylib
0x00007fffd6acb000 	/usr/lib/system/libsystem_blocks.dylib
0x00007fffd6acc000 	/usr/lib/system/libsystem_c.dylib
0x00007fffd6b5a000 	/usr/lib/system/libsystem_configuration.dylib
0x00007fffd6b5e000 	/usr/lib/system/libsystem_coreservices.dylib
0x00007fffd6b62000 	/usr/lib/system/libsystem_coretls.dylib
0x00007fffd6b7b000 	/usr/lib/system/libsystem_dnssd.dylib
0x00007fffd6b82000 	/usr/lib/system/libsystem_info.dylib
0x00007fffd6bac000 	/usr/lib/system/libsystem_kernel.dylib
0x00007fffd6bcf000 	/usr/lib/system/libsystem_m.dylib
0x00007fffd6c17000 	/usr/lib/system/libsystem_malloc.dylib
0x00007fffd6c36000 	/usr/lib/system/libsystem_network.dylib
0x00007fffd6c90000 	/usr/lib/system/libsystem_networkextension.dylib
0x00007fffd6c9a000 	/usr/lib/system/libsystem_notify.dylib
0x00007fffd6ca4000 	/usr/lib/system/libsystem_platform.dylib
0x00007fffd6cad000 	/usr/lib/system/libsystem_pthread.dylib
0x00007fffd6cb8000 	/usr/lib/system/libsystem_sandbox.dylib
0x00007fffd6cbc000 	/usr/lib/system/libsystem_secinit.dylib
0x00007fffd6cbe000 	/usr/lib/system/libsystem_symptoms.dylib
0x00007fffd6cc6000 	/usr/lib/system/libsystem_trace.dylib
0x00007fffd6cda000 	/usr/lib/system/libunwind.dylib
0x00007fffd6ce0000 	/usr/lib/system/libxpc.dylib
0x00007fffd5608000 	/usr/lib/libbsm.0.dylib
0x00007fffd6a99000 	/usr/lib/system/libkxld.dylib
0x00007fffd56d1000 	/usr/lib/libcoretls.dylib
0x00007fffd56d2000 	/usr/lib/libcoretls_cfhelpers.dylib
0x00007fffd54e8000 	/usr/lib/libOpenScriptingUtil.dylib
0x00007fffd6571000 	/usr/lib/libpam.2.dylib
0x00007fffd6630000 	/usr/lib/libsqlite3.dylib
0x00007fffd6873000 	/usr/lib/libxar.1.dylib
0x00007fffd5619000 	/usr/lib/libbz2.1.0.dylib
0x00007fffd5e15000 	/usr/lib/liblzma.5.dylib
0x00007fffd6121000 	/usr/lib/libnetwork.dylib
0x00007fffd6576000 	/usr/lib/libpcap.A.dylib
0x00007fffc24ad000 	/System/Library/Frameworks/CoreServices.framework/Versions/A/Frameworks/FSEvents.framework/Versions/A/FSEvents
0x00007fffc219d000 	/System/Library/Frameworks/CoreServices.framework/Versions/A/Frameworks/CarbonCore.framework/Versions/A/CarbonCore
0x00007fffc2623000 	/System/Library/Frameworks/CoreServices.framework/Versions/A/Frameworks/Metadata.framework/Versions/A/Metadata
0x00007fffc26d4000 	/System/Library/Frameworks/CoreServices.framework/Versions/A/Frameworks/OSServices.framework/Versions/A/OSServices
0x00007fffc2734000 	/System/Library/Frameworks/CoreServices.framework/Versions/A/Frameworks/SearchKit.framework/Versions/A/SearchKit
0x00007fffc214b000 	/System/Library/Frameworks/CoreServices.framework/Versions/A/Frameworks/AE.framework/Versions/A/AE
0x00007fffc24b6000 	/System/Library/Frameworks/CoreServices.framework/Versions/A/Frameworks/LaunchServices.framework/Versions/A/LaunchServices
0x00007fffc2479000 	/System/Library/Frameworks/CoreServices.framework/Versions/A/Frameworks/DictionaryServices.framework/Versions/A/DictionaryServices
0x00007fffc27a5000 	/System/Library/Frameworks/CoreServices.framework/Versions/A/Frameworks/SharedFileList.framework/Versions/A/SharedFileList
0x00007fffc54ee000 	/System/Library/Frameworks/NetFS.framework/Versions/A/NetFS
0x00007fffd0f34000 	/System/Library/PrivateFrameworks/NetAuth.framework/Versions/A/NetAuth
0x00007fffd519f000 	/System/Library/PrivateFrameworks/login.framework/Versions/A/Frameworks/loginsupport.framework/Versions/A/loginsupport
0x00007fffd3d90000 	/System/Library/PrivateFrameworks/TCC.framework/Versions/A/TCC
0x00007fffd5e46000 	/usr/lib/libmecabra.dylib
0x00007fffbfba9000 	/System/Library/Frameworks/ApplicationServices.framework/Versions/A/Frameworks/ATS.framework/Versions/A/ATS
0x00007fffbff28000 	/System/Library/Frameworks/ApplicationServices.framework/Versions/A/Frameworks/ColorSync.framework/Versions/A/ColorSync
0x00007fffbffd3000 	/System/Library/Frameworks/ApplicationServices.framework/Versions/A/Frameworks/HIServices.framework/Versions/A/HIServices
0x00007fffc0025000 	/System/Library/Frameworks/ApplicationServices.framework/Versions/A/Frameworks/LangAnalysis.framework/Versions/A/LangAnalysis
0x00007fffc0035000 	/System/Library/Frameworks/ApplicationServices.framework/Versions/A/Frameworks/PrintCore.framework/Versions/A/PrintCore
0x00007fffc0083000 	/System/Library/Frameworks/ApplicationServices.framework/Versions/A/Frameworks/QD.framework/Versions/A/QD
0x00007fffc00bf000 	/System/Library/Frameworks/ApplicationServices.framework/Versions/A/Frameworks/SpeechSynthesis.framework/Versions/A/SpeechSynthesis
0x00007fffbddf8000 	/System/Library/Frameworks/Accelerate.framework/Versions/A/Frameworks/vImage.framework/Versions/A/vImage
0x00007fffbeafe000 	/System/Library/Frameworks/Accelerate.framework/Versions/A/Frameworks/vecLib.framework/Versions/A/vecLib
0x00007fffbe8c3000 	/System/Library/Frameworks/Accelerate.framework/Versions/A/Frameworks/vecLib.framework/Versions/A/libvDSP.dylib
0x00007fffbe484000 	/System/Library/Frameworks/Accelerate.framework/Versions/A/Frameworks/vecLib.framework/Versions/A/libBNNS.dylib
0x00007fffbe8a7000 	/System/Library/Frameworks/Accelerate.framework/Versions/A/Frameworks/vecLib.framework/Versions/A/libQuadrature.dylib
0x00007fffbea4b000 	/System/Library/Frameworks/Accelerate.framework/Versions/A/Frameworks/vecLib.framework/Versions/A/libvMisc.dylib
0x00007fffbe499000 	/System/Library/Frameworks/Accelerate.framework/Versions/A/Frameworks/vecLib.framework/Versions/A/libLAPACK.dylib
0x00007fffbe312000 	/System/Library/Frameworks/Accelerate.framework/Versions/A/Frameworks/vecLib.framework/Versions/A/libBLAS.dylib
0x00007fffbe890000 	/System/Library/Frameworks/Accelerate.framework/Versions/A/Frameworks/vecLib.framework/Versions/A/libLinearAlgebra.dylib
0x00007fffbe8ae000 	/System/Library/Frameworks/Accelerate.framework/Versions/A/Frameworks/vecLib.framework/Versions/A/libSparseBLAS.dylib
0x00007fffbfcb1000 	/System/Library/Frameworks/ApplicationServices.framework/Versions/A/Frameworks/ATS.framework/Versions/A/Resources/libFontParser.dylib
0x00007fffbfde1000 	/System/Library/Frameworks/ApplicationServices.framework/Versions/A/Frameworks/ATS.framework/Versions/A/Resources/libFontRegistry.dylib
0x00007fffc35ab000 	/System/Library/Frameworks/ImageIO.framework/Versions/A/Resources/libJPEG.dylib
0x00007fffc35fa000 	/System/Library/Frameworks/ImageIO.framework/Versions/A/Resources/libTIFF.dylib
0x00007fffc35cf000 	/System/Library/Frameworks/ImageIO.framework/Versions/A/Resources/libPng.dylib
0x00007fffc34b5000 	/System/Library/Frameworks/ImageIO.framework/Versions/A/Resources/libGIF.dylib
0x00007fffc34ba000 	/System/Library/Frameworks/ImageIO.framework/Versions/A/Resources/libJP2.dylib
0x00007fffc35f7000 	/System/Library/Frameworks/ImageIO.framework/Versions/A/Resources/libRadiance.dylib
0x00007fffd56ba000 	/usr/lib/libcompression.dylib
0x00007fffca6cc000 	/System/Library/PrivateFrameworks/AppleJPEG.framework/Versions/A/AppleJPEG
0x00007fffd5a0f000 	/usr/lib/libcups.2.dylib
0x00007fffc43b1000 	/System/Library/Frameworks/Kerberos.framework/Versions/A/Kerberos
0x00007fffc30cf000 	/System/Library/Frameworks/GSS.framework/Versions/A/GSS
0x00007fffd65c4000 	/usr/lib/libresolv.9.dylib
0x00007fffd5af5000 	/usr/lib/libiconv.2.dylib
0x00007fffcf9c8000 	/System/Library/PrivateFrameworks/Heimdal.framework/Versions/A/Heimdal
0x00007fffd5aef000 	/usr/lib/libheimdal-asn1.dylib
0x00007fffc573f000 	/System/Library/Frameworks/OpenDirectory.framework/Versions/A/OpenDirectory
0x00007fffcc1df000 	/System/Library/PrivateFrameworks/CommonAuth.framework/Versions/A/CommonAuth
0x00007fffc5725000 	/System/Library/Frameworks/OpenDirectory.framework/Versions/A/Frameworks/CFOpenDirectory.framework/Versions/A/CFOpenDirectory
0x00007fffc7896000 	/System/Library/Frameworks/SecurityFoundation.framework/Versions/A/SecurityFoundation
0x00007fffd0180000 	/System/Library/PrivateFrameworks/LanguageModeling.framework/Versions/A/LanguageModeling
0x00007fffd5e2f000 	/usr/lib/libmarisa.dylib
0x00007fffd5212000 	/usr/lib/libChineseTokenizer.dylib
0x00007fffd56a9000 	/usr/lib/libcmph.dylib
0x00007fffcc931000 	/System/Library/PrivateFrameworks/CoreEmoji.framework/Versions/A/CoreEmoji
0x00007fffc7936000 	/System/Library/Frameworks/ServiceManagement.framework/Versions/A/ServiceManagement
0x00007fffd6971000 	/usr/lib/libxslt.1.dylib
0x00007fffc0b50000 	/System/Library/Frameworks/Carbon.framework/Versions/A/Frameworks/Ink.framework/Versions/A/Ink
0x00007fffd3e22000 	/System/Library/PrivateFrameworks/TextureIO.framework/Versions/A/TextureIO
0x00007fffc4baa000 	/System/Library/Frameworks/Metal.framework/Versions/A/Metal
0x00007fffd5587000 	/usr/lib/libate.dylib
0x00007fffcefca000 	/System/Library/PrivateFrameworks/GPUCompiler.framework/libmetal_timestamp.dylib
0x00007fffc574e000 	/System/Library/Frameworks/OpenGL.framework/Versions/A/Libraries/libCoreFSCache.dylib
0x00007fffd0059000 	/System/Library/PrivateFrameworks/IOAccelerator.framework/Versions/A/IOAccelerator
0x00007fffc29c1000 	/System/Library/Frameworks/CoreVideo.framework/Versions/A/CoreVideo
0x00007fffd52b1000 	/usr/lib/libFosl_dynamic.dylib
0x00007fffd0c58000 	/System/Library/PrivateFrameworks/MetalPerformanceShaders.framework/Versions/A/MetalPerformanceShaders
0x00007fffcd842000 	/System/Library/PrivateFrameworks/FaceCore.framework/Versions/A/FaceCore
0x00007fffc56d6000 	/System/Library/Frameworks/OpenCL.framework/Versions/A/OpenCL
0x00007fffc5921000 	/System/Library/Frameworks/OpenGL.framework/Versions/A/Libraries/libGLU.dylib
0x00007fffc5757000 	/System/Library/Frameworks/OpenGL.framework/Versions/A/Libraries/libGFXShared.dylib
0x00007fffc5761000 	/System/Library/Frameworks/OpenGL.framework/Versions/A/Libraries/libGL.dylib
0x00007fffc576d000 	/System/Library/Frameworks/OpenGL.framework/Versions/A/Libraries/libGLImage.dylib
0x00007fffc574b000 	/System/Library/Frameworks/OpenGL.framework/Versions/A/Libraries/libCVMSPluginSupport.dylib
0x00007fffc5752000 	/System/Library/Frameworks/OpenGL.framework/Versions/A/Libraries/libCoreVMClient.dylib
0x00007fffcd293000 	/System/Library/PrivateFrameworks/CrashReporterSupport.framework/Versions/A/CrashReporterSupport
0x00007fffd2cf2000 	/System/Library/PrivateFrameworks/Sharing.framework/Versions/A/Sharing
0x00007fffd0077000 	/System/Library/PrivateFrameworks/IconServices.framework/Versions/A/IconServices
0x00007fffd1f40000 	/System/Library/PrivateFrameworks/ProtocolBuffer.framework/Versions/A/ProtocolBuffer
0x00007fffca5b0000 	/System/Library/PrivateFrameworks/Apple80211.framework/Versions/A/Apple80211
0x00007fffc29f7000 	/System/Library/Frameworks/CoreWLAN.framework/Versions/A/CoreWLAN
0x00007fffcd10d000 	/System/Library/PrivateFrameworks/CoreUtils.framework/Versions/A/CoreUtils
0x00007fffc31c0000 	/System/Library/Frameworks/IOBluetooth.framework/Versions/A/IOBluetooth
0x00007fffcd22d000 	/System/Library/PrivateFrameworks/CoreWiFi.framework/Versions/A/CoreWiFi
0x00007fffc0ec7000 	/System/Library/Frameworks/CoreBluetooth.framework/Versions/A/CoreBluetooth
0x00007fffc11d7000 	/System/Library/Frameworks/CoreDisplay.framework/Versions/A/CoreDisplay
0x00007fffd0062000 	/System/Library/PrivateFrameworks/IOPresentment.framework/Versions/A/IOPresentment
0x00007fffcd31e000 	/System/Library/PrivateFrameworks/DSExternalDisplay.framework/Versions/A/DSExternalDisplay
0x00007fffcd409000 	/System/Library/PrivateFrameworks/DebugSymbols.framework/Versions/A/DebugSymbols
0x00007fffccf3d000 	/System/Library/PrivateFrameworks/CoreSymbolication.framework/Versions/A/CoreSymbolication
0x00007fffd38dd000 	/System/Library/PrivateFrameworks/Symbolication.framework/Versions/A/Symbolication
0x00007fffca5d3000 	/System/Library/PrivateFrameworks/AppleFSCompression.framework/Versions/A/AppleFSCompression
0x00007fffd31e5000 	/System/Library/PrivateFrameworks/SpeechRecognitionCore.framework/Versions/A/SpeechRecognitionCore
0x00007fffcb893000 	/System/Library/PrivateFrameworks/ChunkingLibrary.framework/Versions/A/ChunkingLibrary
0x000000010d829000 	/System/Library/CoreServices/Encodings/libKoreanConverter.dylib
0x000000010e200000 	/Library/Java/JavaVirtualMachines/jdk-9.0.4.jdk/Contents/Home/lib/server/libjvm.dylib
0x00007fffd67da000 	/usr/lib/libstdc++.6.dylib
0x000000010d881000 	/Library/Java/JavaVirtualMachines/jdk-9.0.4.jdk/Contents/Home/lib/libverify.dylib
0x000000010d88e000 	/Library/Java/JavaVirtualMachines/jdk-9.0.4.jdk/Contents/Home/lib/libjava.dylib
0x000000010d8cc000 	/Library/Java/JavaVirtualMachines/jdk-9.0.4.jdk/Contents/Home/lib/libzip.dylib
0x000000010d8d4000 	/Library/Java/JavaVirtualMachines/jdk-9.0.4.jdk/Contents/Home/lib/libjimage.dylib
0x0000000130947000 	/Library/Java/JavaVirtualMachines/jdk-9.0.4.jdk/Contents/Home/lib/libnio.dylib
0x0000000130957000 	/Library/Java/JavaVirtualMachines/jdk-9.0.4.jdk/Contents/Home/lib/./libnet.dylib

VM Arguments:
jvm_args: -Dfile.encoding=UTF-8 
java_command: org.apache.catalina.startup.Tomcat$1
java_class_path (initial): /Users/withgod/git/SpringStudyInUdemy/springboot-in-10-steps/target/classes:/Users/withgod/.m2/repository/org/springframework/boot/spring-boot-starter-web/2.0.2.RELEASE/spring-boot-starter-web-2.0.2.RELEASE.jar:/Users/withgod/.m2/repository/org/springframework/boot/spring-boot-starter/2.0.2.RELEASE/spring-boot-starter-2.0.2.RELEASE.jar:/Users/withgod/.m2/repository/org/springframework/boot/spring-boot-starter-logging/2.0.2.RELEASE/spring-boot-starter-logging-2.0.2.RELEASE.jar:/Users/withgod/.m2/repository/ch/qos/logback/logback-classic/1.2.3/logback-classic-1.2.3.jar:/Users/withgod/.m2/repository/ch/qos/logback/logback-core/1.2.3/logback-core-1.2.3.jar:/Users/withgod/.m2/repository/org/apache/logging/log4j/log4j-to-slf4j/2.10.0/log4j-to-slf4j-2.10.0.jar:/Users/withgod/.m2/repository/org/apache/logging/log4j/log4j-api/2.10.0/log4j-api-2.10.0.jar:/Users/withgod/.m2/repository/org/slf4j/jul-to-slf4j/1.7.25/jul-to-slf4j-1.7.25.jar:/Users/withgod/.m2/repository/javax/annotation/javax.annotation-api/1.3.2/javax.annotation-api-1.3.2.jar:/Users/withgod/.m2/repository/org/yaml/snakeyaml/1.19/snakeyaml-1.19.jar:/Users/withgod/.m2/repository/org/springframework/boot/spring-boot-starter-json/2.0.2.RELEASE/spring-boot-starter-json-2.0.2.RELEASE.jar:/Users/withgod/.m2/repository/com/fasterxml/jackson/core/jackson-databind/2.9.5/jackson-databind-2.9.5.jar:/Users/withgod/.m2/repository/com/fasterxml/jackson/core/jackson-core/2.9.5/jackson-core-2.9.5.jar:/Users/withgod/.m2/repository/com/fasterxml/jackson/datatype/jackson-datatype-jdk8/2.9.5/jackson-datatype-jdk8-2.9.5.jar:/Users/withgod/.m2/repository/com/fasterxml/jackson/datatype/jackson-datatype-jsr310/2.9.5/jackson-datatype-jsr310-2.9.5.jar:/Users/withgod/.m2/repository/com/fasterxml/jackson/module/jackson-module-parameter-names/2.9.5/jackson-module-parameter-names-2.9.5.jar:/Users/withgod/.m2/repository/org/springframework/boot/spring-boot-starter-tomcat/2.0.2.RELEASE/spring-boot-starter-tomcat-2.0
Launcher Type: SUN_STANDARD

Logging:
Log output configuration:
#0: stdout all=warning uptime,level,tags
#1: stderr all=off uptime,level,tags

Environment Variables:
PATH=/usr/bin:/bin:/usr/sbin:/sbin
SHELL=/bin/zsh

Signal Handlers:
SIGSEGV: [libjvm.dylib+0x73f3dc], sa_mask[0]=11111111011111110111111111111111, sa_flags=SA_ONSTACK|SA_RESTART|SA_SIGINFO
SIGBUS: [libjvm.dylib+0x73f3dc], sa_mask[0]=11111111011111110111111111111111, sa_flags=SA_RESTART|SA_SIGINFO
SIGFPE: [libjvm.dylib+0x73f3dc], sa_mask[0]=11111111011111110111111111111111, sa_flags=SA_RESTART|SA_SIGINFO
SIGPIPE: [libjvm.dylib+0x5f233c], sa_mask[0]=11111111011111110111111111111111, sa_flags=SA_RESTART|SA_SIGINFO
SIGXFSZ: [libjvm.dylib+0x5f233c], sa_mask[0]=11111111011111110111111111111111, sa_flags=SA_RESTART|SA_SIGINFO
SIGILL: [libjvm.dylib+0x73f3dc], sa_mask[0]=11111111011111110111111111111111, sa_flags=SA_RESTART|SA_SIGINFO
SIGUSR2: [libjvm.dylib+0x5f2bcc], sa_mask[0]=00100000000000000000000000000000, sa_flags=SA_RESTART|SA_SIGINFO
SIGHUP: [libjvm.dylib+0x5f1409], sa_mask[0]=11111111011111110111111111111111, sa_flags=SA_RESTART|SA_SIGINFO
SIGINT: [libjvm.dylib+0x5f1409], sa_mask[0]=11111111011111110111111111111111, sa_flags=SA_RESTART|SA_SIGINFO
SIGTERM: [libjvm.dylib+0x5f1409], sa_mask[0]=11111111011111110111111111111111, sa_flags=SA_RESTART|SA_SIGINFO
SIGQUIT: [libjvm.dylib+0x5f1409], sa_mask[0]=11111111011111110111111111111111, sa_flags=SA_RESTART|SA_SIGINFO


---------------  S Y S T E M  ---------------

OS:uname:Darwin 16.7.0 Darwin Kernel Version 16.7.0: Tue Jan 30 11:27:06 PST 2018; root:xnu-3789.73.11~1/RELEASE_X86_64 x86_64
rlimit: STACK 8192k, CORE 0k, NPROC 709, NOFILE 10240, AS infinity
load average:2.59 2.25 2.26

CPU:total 4 (initial active 4) (2 cores per cpu, 2 threads per core) family 6 model 61 stepping 4, cmov, cx8, fxsr, mmx, sse, sse2, sse3, ssse3, sse4.1, sse4.2, popcnt, avx, avx2, aes, clmul, erms, 3dnowpref, lzcnt, ht, tsc, tscinvbit, bmi1, bmi2, adx, fma

Memory: 4k page, physical 8388608k(101888k free)

vm_info: Java HotSpot(TM) 64-Bit Server VM (9.0.4+11) for bsd-amd64 JRE (9.0.4+11), built on Dec 20 2017 02:08:50 by "mach5one" with gcc 4.2.1 Compatible Apple LLVM 6.1.0 (clang-602.0.49)

END.
